<?xml version="1.0" encoding="UTF-8"?>
<testng-results skipped="0" failed="1" ignored="0" total="11" passed="10">
  <reporter-output>
  </reporter-output>
  <suite name="Default suite" duration-ms="82655" started-at="2018-11-28T12:43:57Z" finished-at="2018-11-28T12:45:19Z">
    <groups>
    </groups>
    <test name="Default test" duration-ms="82655" started-at="2018-11-28T12:43:57Z" finished-at="2018-11-28T12:45:19Z">
      <class name="com.jbk.qa.testcase.JavaSyllabusTest">
        <test-method status="PASS" signature="Setup()[pri:0, instance:com.jbk.qa.testcase.JavaSyllabusTest@598067a5]" name="Setup" is-config="true" duration-ms="22569" started-at="2018-11-28T12:43:57Z" finished-at="2018-11-28T12:44:19Z">
          <reporter-output>
          </reporter-output>
        </test-method> <!-- Setup -->
        <test-method status="FAIL" signature="javasyllabustitle()[pri:1, instance:com.jbk.qa.testcase.JavaSyllabusTest@598067a5]" name="javasyllabustitle" duration-ms="174" started-at="2018-11-28T12:44:19Z" finished-at="2018-11-28T12:44:19Z">
          <exception class="java.lang.AssertionError">
            <message>
              <![CDATA[Title not matched expected [About Us | Java By Kiran] but found [Core Java J2EE Syllabus | Java By Kiran]]]>
            </message>
            <full-stacktrace>
              <![CDATA[java.lang.AssertionError: Title not matched expected [About Us | Java By Kiran] but found [Core Java J2EE Syllabus | Java By Kiran]
at org.testng.Assert.fail(Assert.java:96)
at org.testng.Assert.failNotEquals(Assert.java:776)
at org.testng.Assert.assertEqualsImpl(Assert.java:137)
at org.testng.Assert.assertEquals(Assert.java:118)
at org.testng.Assert.assertEquals(Assert.java:453)
at com.jbk.qa.testcase.JavaSyllabusTest.javasyllabustitle(JavaSyllabusTest.java:42)
at sun.reflect.NativeMethodAccessorImpl.invoke0(Native Method)
at sun.reflect.NativeMethodAccessorImpl.invoke(NativeMethodAccessorImpl.java:62)
at sun.reflect.DelegatingMethodAccessorImpl.invoke(DelegatingMethodAccessorImpl.java:43)
at java.lang.reflect.Method.invoke(Method.java:498)
at org.testng.internal.MethodInvocationHelper.invokeMethod(MethodInvocationHelper.java:124)
at org.testng.internal.Invoker.invokeMethod(Invoker.java:580)
at org.testng.internal.Invoker.invokeTestMethod(Invoker.java:716)
at org.testng.internal.Invoker.invokeTestMethods(Invoker.java:988)
at org.testng.internal.TestMethodWorker.invokeTestMethods(TestMethodWorker.java:125)
at org.testng.internal.TestMethodWorker.run(TestMethodWorker.java:109)
at org.testng.TestRunner.privateRun(TestRunner.java:648)
at org.testng.TestRunner.run(TestRunner.java:505)
at org.testng.SuiteRunner.runTest(SuiteRunner.java:455)
at org.testng.SuiteRunner.runSequentially(SuiteRunner.java:450)
at org.testng.SuiteRunner.privateRun(SuiteRunner.java:415)
at org.testng.SuiteRunner.run(SuiteRunner.java:364)
at org.testng.SuiteRunnerWorker.runSuite(SuiteRunnerWorker.java:52)
at org.testng.SuiteRunnerWorker.run(SuiteRunnerWorker.java:84)
at org.testng.TestNG.runSuitesSequentially(TestNG.java:1208)
at org.testng.TestNG.runSuitesLocally(TestNG.java:1137)
at org.testng.TestNG.runSuites(TestNG.java:1049)
at org.testng.TestNG.run(TestNG.java:1017)
at org.testng.remote.AbstractRemoteTestNG.run(AbstractRemoteTestNG.java:114)
at org.testng.remote.RemoteTestNG.initAndRun(RemoteTestNG.java:251)
at org.testng.remote.RemoteTestNG.main(RemoteTestNG.java:77)
]]>
            </full-stacktrace>
          </exception> <!-- java.lang.AssertionError -->
          <reporter-output>
          </reporter-output>
        </test-method> <!-- javasyllabustitle -->
        <test-method status="PASS" signature="teardown()[pri:0, instance:com.jbk.qa.testcase.JavaSyllabusTest@598067a5]" name="teardown" is-config="true" duration-ms="515" started-at="2018-11-28T12:44:20Z" finished-at="2018-11-28T12:44:20Z">
          <reporter-output>
          </reporter-output>
        </test-method> <!-- teardown -->
        <test-method status="PASS" signature="Setup()[pri:0, instance:com.jbk.qa.testcase.JavaSyllabusTest@598067a5]" name="Setup" is-config="true" duration-ms="5632" started-at="2018-11-28T12:44:20Z" finished-at="2018-11-28T12:44:26Z">
          <reporter-output>
          </reporter-output>
        </test-method> <!-- Setup -->
        <test-method status="PASS" signature="verifyjavasyllabusTest()[pri:2, instance:com.jbk.qa.testcase.JavaSyllabusTest@598067a5]" name="verifyjavasyllabusTest" duration-ms="165" started-at="2018-11-28T12:44:26Z" finished-at="2018-11-28T12:44:26Z">
          <reporter-output>
          </reporter-output>
        </test-method> <!-- verifyjavasyllabusTest -->
        <test-method status="PASS" signature="teardown()[pri:0, instance:com.jbk.qa.testcase.JavaSyllabusTest@598067a5]" name="teardown" is-config="true" duration-ms="196" started-at="2018-11-28T12:44:26Z" finished-at="2018-11-28T12:44:26Z">
          <reporter-output>
          </reporter-output>
        </test-method> <!-- teardown -->
        <test-method status="PASS" signature="Setup()[pri:0, instance:com.jbk.qa.testcase.JavaSyllabusTest@598067a5]" name="Setup" is-config="true" duration-ms="5432" started-at="2018-11-28T12:44:26Z" finished-at="2018-11-28T12:44:32Z">
          <reporter-output>
          </reporter-output>
        </test-method> <!-- Setup -->
        <test-method status="PASS" signature="homelinkTest()[pri:4, instance:com.jbk.qa.testcase.JavaSyllabusTest@598067a5]" name="homelinkTest" duration-ms="413" started-at="2018-11-28T12:44:32Z" finished-at="2018-11-28T12:44:32Z">
          <reporter-output>
          </reporter-output>
        </test-method> <!-- homelinkTest -->
        <test-method status="PASS" signature="teardown()[pri:0, instance:com.jbk.qa.testcase.JavaSyllabusTest@598067a5]" name="teardown" is-config="true" duration-ms="338" started-at="2018-11-28T12:44:32Z" finished-at="2018-11-28T12:44:32Z">
          <reporter-output>
          </reporter-output>
        </test-method> <!-- teardown -->
        <test-method status="PASS" signature="Setup()[pri:0, instance:com.jbk.qa.testcase.JavaSyllabusTest@598067a5]" name="Setup" is-config="true" duration-ms="5440" started-at="2018-11-28T12:44:32Z" finished-at="2018-11-28T12:44:38Z">
          <reporter-output>
          </reporter-output>
        </test-method> <!-- Setup -->
        <test-method status="PASS" signature="whatsapplinkTest()[pri:5, instance:com.jbk.qa.testcase.JavaSyllabusTest@598067a5]" name="whatsapplinkTest" duration-ms="169" started-at="2018-11-28T12:44:38Z" finished-at="2018-11-28T12:44:38Z">
          <reporter-output>
          </reporter-output>
        </test-method> <!-- whatsapplinkTest -->
        <test-method status="PASS" signature="teardown()[pri:0, instance:com.jbk.qa.testcase.JavaSyllabusTest@598067a5]" name="teardown" is-config="true" duration-ms="194" started-at="2018-11-28T12:44:38Z" finished-at="2018-11-28T12:44:38Z">
          <reporter-output>
          </reporter-output>
        </test-method> <!-- teardown -->
        <test-method status="PASS" signature="Setup()[pri:0, instance:com.jbk.qa.testcase.JavaSyllabusTest@598067a5]" name="Setup" is-config="true" duration-ms="5366" started-at="2018-11-28T12:44:38Z" finished-at="2018-11-28T12:44:43Z">
          <reporter-output>
          </reporter-output>
        </test-method> <!-- Setup -->
        <test-method status="PASS" signature="javsyllabuslinkTest()[pri:6, instance:com.jbk.qa.testcase.JavaSyllabusTest@598067a5]" name="javsyllabuslinkTest" duration-ms="669" started-at="2018-11-28T12:44:43Z" finished-at="2018-11-28T12:44:44Z">
          <reporter-output>
          </reporter-output>
        </test-method> <!-- javsyllabuslinkTest -->
        <test-method status="PASS" signature="teardown()[pri:0, instance:com.jbk.qa.testcase.JavaSyllabusTest@598067a5]" name="teardown" is-config="true" duration-ms="102" started-at="2018-11-28T12:44:44Z" finished-at="2018-11-28T12:44:44Z">
          <reporter-output>
          </reporter-output>
        </test-method> <!-- teardown -->
        <test-method status="PASS" signature="Setup()[pri:0, instance:com.jbk.qa.testcase.JavaSyllabusTest@598067a5]" name="Setup" is-config="true" duration-ms="5496" started-at="2018-11-28T12:44:44Z" finished-at="2018-11-28T12:44:50Z">
          <reporter-output>
          </reporter-output>
        </test-method> <!-- Setup -->
        <test-method status="PASS" signature="verifycorejava_contentTest()[pri:7, instance:com.jbk.qa.testcase.JavaSyllabusTest@598067a5]" name="verifycorejava_contentTest" duration-ms="68" started-at="2018-11-28T12:44:50Z" finished-at="2018-11-28T12:44:50Z">
          <reporter-output>
          </reporter-output>
        </test-method> <!-- verifycorejava_contentTest -->
        <test-method status="PASS" signature="teardown()[pri:0, instance:com.jbk.qa.testcase.JavaSyllabusTest@598067a5]" name="teardown" is-config="true" duration-ms="116" started-at="2018-11-28T12:44:50Z" finished-at="2018-11-28T12:44:50Z">
          <reporter-output>
          </reporter-output>
        </test-method> <!-- teardown -->
        <test-method status="PASS" signature="Setup()[pri:0, instance:com.jbk.qa.testcase.JavaSyllabusTest@598067a5]" name="Setup" is-config="true" duration-ms="5439" started-at="2018-11-28T12:44:50Z" finished-at="2018-11-28T12:44:55Z">
          <reporter-output>
          </reporter-output>
        </test-method> <!-- Setup -->
        <test-method status="PASS" signature="verifyadvancedjava_contentTest()[pri:8, instance:com.jbk.qa.testcase.JavaSyllabusTest@598067a5]" name="verifyadvancedjava_contentTest" duration-ms="60" started-at="2018-11-28T12:44:55Z" finished-at="2018-11-28T12:44:55Z">
          <reporter-output>
          </reporter-output>
        </test-method> <!-- verifyadvancedjava_contentTest -->
        <test-method status="PASS" signature="teardown()[pri:0, instance:com.jbk.qa.testcase.JavaSyllabusTest@598067a5]" name="teardown" is-config="true" duration-ms="118" started-at="2018-11-28T12:44:55Z" finished-at="2018-11-28T12:44:56Z">
          <reporter-output>
          </reporter-output>
        </test-method> <!-- teardown -->
        <test-method status="PASS" signature="Setup()[pri:0, instance:com.jbk.qa.testcase.JavaSyllabusTest@598067a5]" name="Setup" is-config="true" duration-ms="5677" started-at="2018-11-28T12:44:56Z" finished-at="2018-11-28T12:45:01Z">
          <reporter-output>
          </reporter-output>
        </test-method> <!-- Setup -->
        <test-method status="PASS" signature="verifyj2ee_contentTest()[pri:9, instance:com.jbk.qa.testcase.JavaSyllabusTest@598067a5]" name="verifyj2ee_contentTest" duration-ms="54" started-at="2018-11-28T12:45:01Z" finished-at="2018-11-28T12:45:01Z">
          <reporter-output>
          </reporter-output>
        </test-method> <!-- verifyj2ee_contentTest -->
        <test-method status="PASS" signature="teardown()[pri:0, instance:com.jbk.qa.testcase.JavaSyllabusTest@598067a5]" name="teardown" is-config="true" duration-ms="175" started-at="2018-11-28T12:45:01Z" finished-at="2018-11-28T12:45:01Z">
          <reporter-output>
          </reporter-output>
        </test-method> <!-- teardown -->
        <test-method status="PASS" signature="Setup()[pri:0, instance:com.jbk.qa.testcase.JavaSyllabusTest@598067a5]" name="Setup" is-config="true" duration-ms="5301" started-at="2018-11-28T12:45:01Z" finished-at="2018-11-28T12:45:07Z">
          <reporter-output>
          </reporter-output>
        </test-method> <!-- Setup -->
        <test-method status="PASS" signature="verifytools_contentTest()[pri:10, instance:com.jbk.qa.testcase.JavaSyllabusTest@598067a5]" name="verifytools_contentTest" duration-ms="60" started-at="2018-11-28T12:45:07Z" finished-at="2018-11-28T12:45:07Z">
          <reporter-output>
          </reporter-output>
        </test-method> <!-- verifytools_contentTest -->
        <test-method status="PASS" signature="teardown()[pri:0, instance:com.jbk.qa.testcase.JavaSyllabusTest@598067a5]" name="teardown" is-config="true" duration-ms="162" started-at="2018-11-28T12:45:07Z" finished-at="2018-11-28T12:45:07Z">
          <reporter-output>
          </reporter-output>
        </test-method> <!-- teardown -->
        <test-method status="PASS" signature="Setup()[pri:0, instance:com.jbk.qa.testcase.JavaSyllabusTest@598067a5]" name="Setup" is-config="true" duration-ms="5606" started-at="2018-11-28T12:45:07Z" finished-at="2018-11-28T12:45:13Z">
          <reporter-output>
          </reporter-output>
        </test-method> <!-- Setup -->
        <test-method status="PASS" signature="verifyweserver_applicationserver_contentTest()[pri:11, instance:com.jbk.qa.testcase.JavaSyllabusTest@598067a5]" name="verifyweserver_applicationserver_contentTest" duration-ms="63" started-at="2018-11-28T12:45:13Z" finished-at="2018-11-28T12:45:13Z">
          <reporter-output>
          </reporter-output>
        </test-method> <!-- verifyweserver_applicationserver_contentTest -->
        <test-method status="PASS" signature="teardown()[pri:0, instance:com.jbk.qa.testcase.JavaSyllabusTest@598067a5]" name="teardown" is-config="true" duration-ms="132" started-at="2018-11-28T12:45:13Z" finished-at="2018-11-28T12:45:13Z">
          <reporter-output>
          </reporter-output>
        </test-method> <!-- teardown -->
        <test-method status="PASS" signature="Setup()[pri:0, instance:com.jbk.qa.testcase.JavaSyllabusTest@598067a5]" name="Setup" is-config="true" duration-ms="5738" started-at="2018-11-28T12:45:13Z" finished-at="2018-11-28T12:45:18Z">
          <reporter-output>
          </reporter-output>
        </test-method> <!-- Setup -->
        <test-method status="PASS" signature="verifyseleniumtestinglinktest()[pri:12, instance:com.jbk.qa.testcase.JavaSyllabusTest@598067a5]" name="verifyseleniumtestinglinktest" duration-ms="695" started-at="2018-11-28T12:45:18Z" finished-at="2018-11-28T12:45:19Z">
          <reporter-output>
          </reporter-output>
        </test-method> <!-- verifyseleniumtestinglinktest -->
        <test-method status="PASS" signature="teardown()[pri:0, instance:com.jbk.qa.testcase.JavaSyllabusTest@598067a5]" name="teardown" is-config="true" duration-ms="177" started-at="2018-11-28T12:45:19Z" finished-at="2018-11-28T12:45:19Z">
          <reporter-output>
          </reporter-output>
        </test-method> <!-- teardown -->
      </class> <!-- com.jbk.qa.testcase.JavaSyllabusTest -->
    </test> <!-- Default test -->
  </suite> <!-- Default suite -->
</testng-results>
